<?xml version="1.0" encoding="UTF-8"?>
<coverage generated="1627403414568" clover="3.2.0">
  <project timestamp="1627403414568" name="All files">
    <metrics statements="27" coveredstatements="27" conditionals="10" coveredconditionals="10" methods="10" coveredmethods="10" elements="47" coveredelements="47" complexity="0" loc="27" ncloc="27" packages="1" files="2" classes="2"/>
    <file name="func.js" path="C:\Users\konan\Projects\week-5-workshop-test\src\func.js">
      <metrics statements="22" coveredstatements="22" conditionals="10" coveredconditionals="10" methods="9" coveredmethods="9"/>
      <line num="7" count="1" type="stmt"/>
      <line num="8" count="4" type="cond" truecount="4" falsecount="0"/>
      <line num="9" count="2" type="stmt"/>
      <line num="11" count="2" type="cond" truecount="2" falsecount="0"/>
      <line num="12" count="1" type="stmt"/>
      <line num="14" count="1" type="stmt"/>
      <line num="17" count="1" type="stmt"/>
      <line num="18" count="2" type="stmt"/>
      <line num="24" count="1" type="stmt"/>
      <line num="25" count="2" type="stmt"/>
      <line num="27" count="110" type="cond" truecount="2" falsecount="0"/>
      <line num="28" count="110" type="stmt"/>
      <line num="30" count="15" type="cond" truecount="2" falsecount="0"/>
      <line num="32" count="1" type="stmt"/>
      <line num="33" count="1" type="stmt"/>
      <line num="34" count="1" type="stmt"/>
      <line num="35" count="100" type="stmt"/>
      <line num="37" count="1" type="stmt"/>
      <line num="38" count="100" type="stmt"/>
      <line num="39" count="1" type="stmt"/>
      <line num="40" count="10" type="stmt"/>
      <line num="42" count="1" type="stmt"/>
    </file>
    <file name="service.js" path="C:\Users\konan\Projects\week-5-workshop-test\src\service.js">
      <metrics statements="5" coveredstatements="5" conditionals="0" coveredconditionals="0" methods="1" coveredmethods="1"/>
      <line num="3" count="2" type="stmt"/>
      <line num="4" count="3" type="stmt"/>
      <line num="5" count="3" type="stmt"/>
      <line num="8" count="2" type="stmt"/>
      <line num="10" count="1" type="stmt"/>
    </file>
  </project>
</coverage>
