{"C:\\Users\\konan\\Projects\\week-5-workshop-test\\src\\func.js": {"path":"C:\\Users\\konan\\Projects\\week-5-workshop-test\\src\\func.js","statementMap":{"0":{"start":{"line":7,"column":22},"end":{"line":15,"column":1}},"1":{"start":{"line":8,"column":4},"end":{"line":10,"column":5}},"2":{"start":{"line":9,"column":8},"end":{"line":9,"column":44}},"3":{"start":{"line":11,"column":4},"end":{"line":13,"column":5}},"4":{"start":{"line":12,"column":8},"end":{"line":12,"column":42}},"5":{"start":{"line":14,"column":4},"end":{"line":14,"column":30}},"6":{"start":{"line":17,"column":28},"end":{"line":19,"column":1}},"7":{"start":{"line":18,"column":4},"end":{"line":18,"column":64}},"8":{"start":{"line":24,"column":28},"end":{"line":30,"column":60}},"9":{"start":{"line":25,"column":4},"end":{"line":30,"column":60}},"10":{"start":{"line":27,"column":12},"end":{"line":27,"column":39}},"11":{"start":{"line":28,"column":12},"end":{"line":28,"column":21}},"12":{"start":{"line":30,"column":24},"end":{"line":30,"column":44}},"13":{"start":{"line":32,"column":28},"end":{"line":43,"column":1}},"14":{"start":{"line":33,"column":17},"end":{"line":33,"column":40}},"15":{"start":{"line":34,"column":19},"end":{"line":36,"column":6}},"16":{"start":{"line":35,"column":8},"end":{"line":35,"column":27}},"17":{"start":{"line":37,"column":23},"end":{"line":37,"column":43}},"18":{"start":{"line":38,"column":17},"end":{"line":38,"column":74}},"19":{"start":{"line":38,"column":38},"end":{"line":38,"column":73}},"20":{"start":{"line":39,"column":23},"end":{"line":41,"column":6}},"21":{"start":{"line":40,"column":8},"end":{"line":40,"column":27}},"22":{"start":{"line":42,"column":4},"end":{"line":42,"column":24}}},"fnMap":{"0":{"name":"(anonymous_0)","decl":{"start":{"line":7,"column":22},"end":{"line":7,"column":23}},"loc":{"start":{"line":7,"column":45},"end":{"line":15,"column":1}},"line":7},"1":{"name":"(anonymous_1)","decl":{"start":{"line":17,"column":28},"end":{"line":17,"column":29}},"loc":{"start":{"line":17,"column":42},"end":{"line":19,"column":1}},"line":17},"2":{"name":"(anonymous_2)","decl":{"start":{"line":24,"column":28},"end":{"line":24,"column":29}},"loc":{"start":{"line":25,"column":4},"end":{"line":30,"column":60}},"line":25},"3":{"name":"(anonymous_3)","decl":{"start":{"line":26,"column":19},"end":{"line":26,"column":20}},"loc":{"start":{"line":26,"column":29},"end":{"line":29,"column":9}},"line":26},"4":{"name":"(anonymous_4)","decl":{"start":{"line":30,"column":13},"end":{"line":30,"column":14}},"loc":{"start":{"line":30,"column":24},"end":{"line":30,"column":44}},"line":30},"5":{"name":"(anonymous_5)","decl":{"start":{"line":32,"column":28},"end":{"line":32,"column":29}},"loc":{"start":{"line":32,"column":40},"end":{"line":43,"column":1}},"line":32},"6":{"name":"(anonymous_6)","decl":{"start":{"line":34,"column":28},"end":{"line":34,"column":29}},"loc":{"start":{"line":34,"column":36},"end":{"line":36,"column":5}},"line":34},"7":{"name":"(anonymous_7)","decl":{"start":{"line":38,"column":29},"end":{"line":38,"column":30}},"loc":{"start":{"line":38,"column":38},"end":{"line":38,"column":73}},"line":38},"8":{"name":"(anonymous_8)","decl":{"start":{"line":39,"column":34},"end":{"line":39,"column":35}},"loc":{"start":{"line":39,"column":43},"end":{"line":41,"column":5}},"line":39}},"branchMap":{"0":{"loc":{"start":{"line":8,"column":4},"end":{"line":10,"column":5}},"type":"if","locations":[{"start":{"line":8,"column":4},"end":{"line":10,"column":5}},{"start":{"line":8,"column":4},"end":{"line":10,"column":5}}],"line":8},"1":{"loc":{"start":{"line":8,"column":8},"end":{"line":8,"column":41}},"type":"binary-expr","locations":[{"start":{"line":8,"column":8},"end":{"line":8,"column":23}},{"start":{"line":8,"column":27},"end":{"line":8,"column":41}}],"line":8},"2":{"loc":{"start":{"line":11,"column":4},"end":{"line":13,"column":5}},"type":"if","locations":[{"start":{"line":11,"column":4},"end":{"line":13,"column":5}},{"start":{"line":11,"column":4},"end":{"line":13,"column":5}}],"line":11},"3":{"loc":{"start":{"line":27,"column":19},"end":{"line":27,"column":38}},"type":"cond-expr","locations":[{"start":{"line":27,"column":26},"end":{"line":27,"column":34}},{"start":{"line":27,"column":37},"end":{"line":27,"column":38}}],"line":27},"4":{"loc":{"start":{"line":30,"column":24},"end":{"line":30,"column":44}},"type":"cond-expr","locations":[{"start":{"line":30,"column":39},"end":{"line":30,"column":40}},{"start":{"line":30,"column":43},"end":{"line":30,"column":44}}],"line":30}},"s":{"0":1,"1":4,"2":2,"3":2,"4":1,"5":1,"6":1,"7":2,"8":1,"9":2,"10":110,"11":110,"12":15,"13":1,"14":1,"15":1,"16":100,"17":1,"18":1,"19":100,"20":1,"21":10,"22":1},"f":{"0":4,"1":2,"2":2,"3":110,"4":15,"5":1,"6":100,"7":100,"8":10},"b":{"0":[2,2],"1":[4,3],"2":[1,1],"3":[95,15],"4":[12,3]},"_coverageSchema":"1a1c01bbd47fc00a2c39e90264f33305004495a9","hash":"6637f0f756bd6aeaae367d63ed48bbe2b914c566"}
,"C:\\Users\\konan\\Projects\\week-5-workshop-test\\src\\service.js": {"path":"C:\\Users\\konan\\Projects\\week-5-workshop-test\\src\\service.js","statementMap":{"0":{"start":{"line":3,"column":31},"end":{"line":12,"column":1}},"1":{"start":{"line":4,"column":4},"end":{"line":11,"column":5}},"2":{"start":{"line":5,"column":23},"end":{"line":7,"column":9}},"3":{"start":{"line":8,"column":8},"end":{"line":8,"column":27}},"4":{"start":{"line":10,"column":8},"end":{"line":10,"column":31}}},"fnMap":{"0":{"name":"(anonymous_0)","decl":{"start":{"line":3,"column":31},"end":{"line":3,"column":32}},"loc":{"start":{"line":3,"column":43},"end":{"line":12,"column":1}},"line":3}},"branchMap":{},"s":{"0":2,"1":3,"2":3,"3":2,"4":1},"f":{"0":3},"b":{},"_coverageSchema":"1a1c01bbd47fc00a2c39e90264f33305004495a9","hash":"65feab61554206eb4194a80e6aff1d2aa27240e3"}
}
