TN:
SF:src\func.js
FN:7,(anonymous_0)
FN:17,(anonymous_1)
FN:24,(anonymous_2)
FN:26,(anonymous_3)
FN:30,(anonymous_4)
FN:32,(anonymous_5)
FN:34,(anonymous_6)
FN:38,(anonymous_7)
FN:39,(anonymous_8)
FNF:9
FNH:9
FNDA:4,(anonymous_0)
FNDA:2,(anonymous_1)
FNDA:2,(anonymous_2)
FNDA:110,(anonymous_3)
FNDA:15,(anonymous_4)
FNDA:1,(anonymous_5)
FNDA:100,(anonymous_6)
FNDA:100,(anonymous_7)
FNDA:10,(anonymous_8)
DA:7,1
DA:8,4
DA:9,2
DA:11,2
DA:12,1
DA:14,1
DA:17,1
DA:18,2
DA:24,1
DA:25,2
DA:27,110
DA:28,110
DA:30,15
DA:32,1
DA:33,1
DA:34,1
DA:35,100
DA:37,1
DA:38,100
DA:39,1
DA:40,10
DA:42,1
LF:22
LH:22
BRDA:8,0,0,2
BRDA:8,0,1,2
BRDA:8,1,0,4
BRDA:8,1,1,3
BRDA:11,2,0,1
BRDA:11,2,1,1
BRDA:27,3,0,95
BRDA:27,3,1,15
BRDA:30,4,0,12
BRDA:30,4,1,3
BRF:10
BRH:10
end_of_record
TN:
SF:src\service.js
FN:3,(anonymous_0)
FNF:1
FNH:1
FNDA:3,(anonymous_0)
DA:3,2
DA:4,3
DA:5,3
DA:8,2
DA:10,1
LF:5
LH:5
BRF:0
BRH:0
end_of_record
